zip1file : 2021/12/01 21:23:38 source path : e:\github\go_exam\zip1file\2021-08-12\helloworld.go
zip1file : 2021/12/01 21:23:38 output file : e:\temp/helloworld.zip
zip1file : 2021/12/01 21:23:38 achive here : e:\github\go_exam\zip1file\2021-08-12\helloworld.go
zip1file : 2021/12/01 21:23:38 file achive successful dest[e:\temp/helloworld.zip] source[e:\github\go_exam\zip1file\2021-08-12\helloworld.go]
zip1file : 2021/12/01 21:32:58 source path : e:\github\go_exam\zip1file\2021-08-12\helloworld.go
zip1file : 2021/12/01 21:32:58 output file : e:\\lltestll\/helloworld.zip
zip1file : 2021/12/01 21:32:58 achive here : e:\github\go_exam\zip1file\2021-08-12\helloworld.go
zip1file : 2021/12/01 21:32:58 file achive successful dest[e:\\lltestll\/helloworld.zip] source[e:\github\go_exam\zip1file\2021-08-12\helloworld.go]
zip1file : 2021/12/01 21:33:37 source path : e:\github\go_exam\zip1file\2021-08-12\helloworld.go
zip1file : 2021/12/01 21:33:37 output file : e:\\lltestll\/helloworld.zip
zip1file : 2021/12/01 21:33:37 achive here : e:\github\go_exam\zip1file\2021-08-12\helloworld.go
zip1file : 2021/12/01 21:33:37 file achive successful dest[e:\\lltestll\/helloworld.zip] source[e:\github\go_exam\zip1file\2021-08-12\helloworld.go]
zip1file : 2021/12/01 21:37:55 source path : e:\github\go_exam\zip1file\2021-08-12\helloworld.go
zip1file : 2021/12/01 21:37:55 output file : e:\\lltestll\/helloworld.zip
zip1file : 2021/12/01 21:37:55 achive here : e:\github\go_exam\zip1file\2021-08-12\helloworld.go
zip1file : 2021/12/01 21:37:55 file achive successful dest[e:\\lltestll\/helloworld.zip] source[e:\github\go_exam\zip1file\2021-08-12\helloworld.go]
zip1file : 2021/12/01 21:39:20 source path : e:\github\go_exam\zip1file\2021-08-12\helloworld.go
zip1file : 2021/12/01 21:39:20 output file : e:\\lltestll\/helloworld.zip
zip1file : 2021/12/01 21:39:20 achive here : e:\github\go_exam\zip1file\2021-08-12\helloworld.go
zip1file : 2021/12/01 21:39:20 file achive successful dest[e:\\lltestll\/helloworld.zip] source[e:\github\go_exam\zip1file\2021-08-12\helloworld.go]
zip1file : 2021/12/01 21:40:04 source path : e:\github\go_exam\zip1file\2021-08-12\helloworld.go
zip1file : 2021/12/01 21:40:04 output file : e:\\lltestll\/helloworld.zip
zip1file : 2021/12/01 21:40:04 achive here : e:\github\go_exam\zip1file\2021-08-12\helloworld.go
zip1file : 2021/12/01 21:40:04 file achive successful dest[e:\\lltestll\/helloworld.zip] source[e:\github\go_exam\zip1file\2021-08-12\helloworld.go]
zip1file : 2021/12/01 21:40:54 source path : e:\github\go_exam\zip1file\2021-08-12\helloworld.go
zip1file : 2021/12/01 21:40:54 output file : e:\\lltestll\/helloworld.zip
zip1file : 2021/12/01 21:40:54 achive here : e:\github\go_exam\zip1file\2021-08-12\helloworld.go
zip1file : 2021/12/01 21:40:54 file achive successful dest[e:\\lltestll\/helloworld.zip] source[e:\github\go_exam\zip1file\2021-08-12\helloworld.go]
zip1file : 2021/12/01 21:41:40 source path : e:\github\go_exam\zip1file\2021-08-12\helloworld.go
zip1file : 2021/12/01 21:41:40 output file : e:\\lltestll\/helloworld.zip
zip1file : 2021/12/01 21:41:40 achive here : e:\github\go_exam\zip1file\2021-08-12\helloworld.go
zip1file : 2021/12/01 21:41:40 file achive successful dest[e:\\lltestll\/helloworld.zip] source[e:\github\go_exam\zip1file\2021-08-12\helloworld.go]
zip1file : 2021/12/01 21:42:25 source path : e:\github\go_exam\zip1file\2021-08-12\helloworld.go
zip1file : 2021/12/01 21:42:25 output file : e:\\lltestll\/helloworld.zip
zip1file : 2021/12/01 21:42:25 achive here : e:\github\go_exam\zip1file\2021-08-12\helloworld.go
zip1file : 2021/12/01 21:42:25 file achive successful dest[e:\\lltestll\/helloworld.zip] source[e:\github\go_exam\zip1file\2021-08-12\helloworld.go]
zip1file : 2021/12/01 21:42:33 source path : e:\github\go_exam\zip1file\2021-08-12\helloworld.go
zip1file : 2021/12/01 21:42:33 output file : e:\\lltestll\/helloworld.zip
zip1file : 2021/12/01 21:42:33 achive here : e:\github\go_exam\zip1file\2021-08-12\helloworld.go
zip1file : 2021/12/01 21:42:33 file achive successful dest[e:\\lltestll\/helloworld.zip] source[e:\github\go_exam\zip1file\2021-08-12\helloworld.go]
zip1file : 2021/12/01 21:42:49 source path : e:\github\go_exam\zip1file\2021-08-12\helloworld.go
zip1file : 2021/12/01 21:42:49 output file : e:\\lltestll\/helloworld.zip
zip1file : 2021/12/01 21:42:49 achive here : e:\github\go_exam\zip1file\2021-08-12\helloworld.go
zip1file : 2021/12/01 21:42:49 file achive successful dest[e:\\lltestll\/helloworld.zip] source[e:\github\go_exam\zip1file\2021-08-12\helloworld.go]
zip1file : 2021/12/01 21:44:00 source path : e:\github\go_exam\zip1file\2021-08-12\helloworld.go
zip1file : 2021/12/01 21:44:00 output file : e:\\lltestll\/helloworld.zip
zip1file : 2021/12/01 21:44:00 achive here : e:\github\go_exam\zip1file\2021-08-12\helloworld.go
zip1file : 2021/12/01 21:44:00 file achive successful dest[e:\\lltestll\/helloworld.zip] source[e:\github\go_exam\zip1file\2021-08-12\helloworld.go]
zip1file : 2021/12/01 21:44:22 source path : e:\github\go_exam\zip1file\2021-08-12\helloworld.go
zip1file : 2021/12/01 21:44:22 output file : e:\\lltestll\/helloworld.zip
zip1file : 2021/12/01 21:44:22 achive here : e:\github\go_exam\zip1file\2021-08-12\helloworld.go
zip1file : 2021/12/01 21:44:22 file achive successful dest[e:\\lltestll\/helloworld.zip] source[e:\github\go_exam\zip1file\2021-08-12\helloworld.go]
zip1file : 2021/12/01 21:44:37 source path : e:\github\go_exam\zip1file\2021-08-12\helloworld.go
zip1file : 2021/12/01 21:44:37 output file : e:\\lltestll\\/helloworld.zip
zip1file : 2021/12/01 21:44:37 achive here : e:\github\go_exam\zip1file\2021-08-12\helloworld.go
zip1file : 2021/12/01 21:44:37 file achive successful dest[e:\\lltestll\\/helloworld.zip] source[e:\github\go_exam\zip1file\2021-08-12\helloworld.go]
zip1file : 2021/12/01 21:45:28 source path : e:\github\go_exam\zip1file\2021-08-12\helloworld.go
zip1file : 2021/12/01 21:45:28 output file : e:\\lltestll\\/helloworld.zip
zip1file : 2021/12/01 21:45:28 achive here : e:\github\go_exam\zip1file\2021-08-12\helloworld.go
zip1file : 2021/12/01 21:45:28 file achive successful dest[e:\\lltestll\\/helloworld.zip] source[e:\github\go_exam\zip1file\2021-08-12\helloworld.go]
